0 info it worked if it ends with ok
1 verbose cli [ '/usr/bin/node', '/usr/bin/npm', 'run', 'dev' ]
2 info using npm@3.5.2
3 info using node@v8.10.0
4 verbose run-script [ 'predev', 'dev', 'postdev' ]
5 info lifecycle Mouo@1.0.0~predev: Mouo@1.0.0
6 silly lifecycle Mouo@1.0.0~predev: no script for predev, continuing
7 info lifecycle Mouo@1.0.0~dev: Mouo@1.0.0
8 verbose lifecycle Mouo@1.0.0~dev: unsafe-perm in lifecycle true
9 verbose lifecycle Mouo@1.0.0~dev: PATH: /usr/share/npm/bin/node-gyp-bin:/mnt/c/users/thedr/Dropbox/mouo-pwa/node_modules/.bin:/usr/local/sbin:/usr/local/bin:/usr/sbin:/usr/bin:/sbin:/bin:/usr/games:/usr/local/games:/mnt/c/Windows/System32:/mnt/c/Windows:/mnt/c/Windows/System32/wbem:/mnt/c/Windows/System32/WindowsPowerShell/v1.0:/mnt/c/Windows/System32/OpenSSH:/mnt/c/Program Files/Git/cmd:/mnt/c/Program Files/nodejs:/mnt/c/Program Files/Microsoft VS Code/bin:/mnt/c/Users/Thedr/AppData/Local/Microsoft/WindowsApps:/mnt/c/Program Files/Microsoft VS Code/bin:/mnt/c/Users/Thedr/AppData/Roaming/npm:/mnt/c/Users/Thedr/AppData/Local/hyper/app-2.0.0/resources/bin:/mnt/c/Program Files/heroku/bin:/mnt/c/Users/Thedr/AppData/Local/Google/Cloud SDK/google-cloud-sdk/bin:/mnt/c/Users/Thedr/AppData/Local/Programs/Microsoft VS Code/bin
10 verbose lifecycle Mouo@1.0.0~dev: CWD: /mnt/c/users/thedr/Dropbox/mouo-pwa
11 silly lifecycle Mouo@1.0.0~dev: Args: [ '-c', 'nuxt' ]
12 info lifecycle Mouo@1.0.0~dev: Failed to exec dev script
13 verbose stack Error: Mouo@1.0.0 dev: `nuxt`
13 verbose stack spawn ENOENT
13 verbose stack     at ChildProcess.<anonymous> (/usr/share/npm/lib/utils/spawn.js:17:16)
13 verbose stack     at emitTwo (events.js:126:13)
13 verbose stack     at ChildProcess.emit (events.js:214:7)
13 verbose stack     at maybeClose (internal/child_process.js:925:16)
13 verbose stack     at Process.ChildProcess._handle.onexit (internal/child_process.js:209:5)
14 verbose pkgid Mouo@1.0.0
15 verbose cwd /mnt/c/users/thedr/Dropbox/mouo-pwa
16 error Linux 4.4.0-17134-Microsoft
17 error argv "/usr/bin/node" "/usr/bin/npm" "run" "dev"
18 error node v8.10.0
19 error npm  v3.5.2
20 error file sh
21 error code ELIFECYCLE
22 error errno ENOENT
23 error syscall spawn
24 error Mouo@1.0.0 dev: `nuxt`
24 error spawn ENOENT
25 error Failed at the Mouo@1.0.0 dev script 'nuxt'.
25 error Make sure you have the latest version of node.js and npm installed.
25 error If you do, this is most likely a problem with the Mouo package,
25 error not with npm itself.
25 error Tell the author that this fails on your system:
25 error     nuxt
25 error You can get information on how to open an issue for this project with:
25 error     npm bugs Mouo
25 error Or if that isn't available, you can get their info via:
25 error     npm owner ls Mouo
25 error There is likely additional logging output above.
26 verbose exit [ 1, true ]
